<?xml version="1.0" encoding="UTF-8"?>
<testng-results ignored="0" total="1" passed="1" failed="0" skipped="0">
  <reporter-output>
  </reporter-output>
  <suite started-at="2021-05-16T22:53:03 BST" name="Default suite" finished-at="2021-05-16T22:53:11 BST" duration-ms="8704">
    <groups>
    </groups>
    <test started-at="2021-05-16T22:53:03 BST" name="Default test" finished-at="2021-05-16T22:53:11 BST" duration-ms="8704">
      <class name="com.hrm.qa.testcases.LoginPageTest">
        <test-method is-config="true" signature="setup()[pri:0, instance:com.hrm.qa.testcases.LoginPageTest@7bd4937b]" started-at="2021-05-16T22:53:03 BST" name="setup" finished-at="2021-05-16T22:53:11 BST" duration-ms="8067" status="PASS">
          <reporter-output>
          </reporter-output>
        </test-method> <!-- setup -->
        <test-method signature="titlevalidation()[pri:0, instance:com.hrm.qa.testcases.LoginPageTest@7bd4937b]" started-at="2021-05-16T22:53:11 BST" name="titlevalidation" finished-at="2021-05-16T22:53:11 BST" duration-ms="13" status="PASS">
          <reporter-output>
          </reporter-output>
        </test-method> <!-- titlevalidation -->
        <test-method is-config="true" signature="tearDown()[pri:0, instance:com.hrm.qa.testcases.LoginPageTest@7bd4937b]" started-at="2021-05-16T22:53:11 BST" name="tearDown" finished-at="2021-05-16T22:53:11 BST" duration-ms="594" status="PASS">
          <reporter-output>
          </reporter-output>
        </test-method> <!-- tearDown -->
      </class> <!-- com.hrm.qa.testcases.LoginPageTest -->
    </test> <!-- Default test -->
  </suite> <!-- Default suite -->
</testng-results>
